07-05-2023 14:54 | Game | 0h 0m 3s
07-05-2023 14:57 | Game | 0h 0m 3s
07-05-2023 15:04 | Game | 0h 0m 5s
07-05-2023 15:07 | Game | 0h 0m 6s
07-05-2023 16:19 | Game | 0h 0m 5s
07-08-2023 06:46 | Game | 0h 0m 5s
07-08-2023 06:47 | Game | 0h 0m 4s
07-08-2023 06:49 | Game | 0h 0m 5s
07-08-2023 06:51 | Game | 0h 0m 5s
07-08-2023 07:01 | Game | 0h 0m 8s
07-08-2023 07:01 | Game | 0h 0m 6s
07-08-2023 07:07 | Game | 0h 0m 5s
07-08-2023 07:08 | Game | 0h 0m 4s
07-08-2023 08:55 | Game | 0h 0m 5s
07-08-2023 09:21 | Game | 0h 0m 8s
07-08-2023 09:25 | Game | 0h 0m 10s
07-19-2023 22:35 | Game | 0h 0m 15s
07-21-2023 18:11 | Game | 0h 0m 9s
07-21-2023 18:12 | Game | 0h 0m 8s
07-21-2023 18:13 | Game | 0h 0m 8s
07-21-2023 18:13 | Game | 0h 0m 8s
07-21-2023 18:17 | Game | 0h 0m 7s
07-21-2023 18:20 | Game | 0h 0m 8s
08-05-2023 22:49 | Game | 0h 0m 10s
09-06-2023 08:57 | Bake | 0h 0m 35s
09-06-2023 09:01 | Home | 0h 0m 8s
09-06-2023 09:07 | Bake | 0h 0m 29s
09-06-2023 10:28 | Bake | 0h 0m 8s
09-15-2023 00:28 | TempStage | 0h 0m 24s
09-15-2023 00:52 | Home | 0h 0m 8s
01-20-2024 19:40 | Stage_Temp | 0h 0m 19s
01-20-2024 20:53 | Stage_TempCombat | 0h 0m 7s
